<?xml version="1.0" encoding="UTF-8"?>
<testng-results skipped="0" failed="0" ignored="0" total="1" passed="1">
  <reporter-output>
  </reporter-output>
  <suite name="AppiumTest" duration-ms="9652" started-at="2019-08-21T07:34:35Z" finished-at="2019-08-21T07:34:45Z">
    <groups>
    </groups>
    <test name="VerifyTitle" duration-ms="9652" started-at="2019-08-21T07:34:35Z" finished-at="2019-08-21T07:34:45Z">
      <class name="com.calendar.test.VerifyTitle">
        <test-method status="PASS" signature="test()[pri:0, instance:com.calendar.test.VerifyTitle@1f36e637]" name="test" is-config="true" duration-ms="11627" started-at="2019-08-21T07:34:23Z" finished-at="2019-08-21T07:34:35Z">
          <reporter-output>
          </reporter-output>
        </test-method> <!-- test -->
        <test-method status="PASS" signature="verifyAdd(java.lang.reflect.Method)[pri:1, instance:com.calendar.test.VerifyTitle@1f36e637]" name="verifyAdd" duration-ms="9633" started-at="2019-08-21T07:34:35Z" finished-at="2019-08-21T07:34:45Z">
          <params>
            <param index="0">
              <value>
                <![CDATA[public void com.calendar.test.VerifyTitle.verifyAdd(java.lang.reflect.Method) throws java.lang.InterruptedException,java.io.IOException]]>
              </value>
            </param>
          </params>
          <reporter-output>
          </reporter-output>
        </test-method> <!-- verifyAdd -->
        <test-method status="PASS" signature="afterMethod()[pri:0, instance:com.calendar.test.VerifyTitle@1f36e637]" name="afterMethod" is-config="true" duration-ms="1954" started-at="2019-08-21T07:34:45Z" finished-at="2019-08-21T07:34:47Z">
          <reporter-output>
          </reporter-output>
        </test-method> <!-- afterMethod -->
      </class> <!-- com.calendar.test.VerifyTitle -->
    </test> <!-- VerifyTitle -->
  </suite> <!-- AppiumTest -->
</testng-results>
