<?xml version="1.0" encoding="UTF-8"?>
<testng-results skipped="0" failed="0" ignored="0" total="3" passed="3">
  <reporter-output>
  </reporter-output>
  <suite name="AppiumTest" duration-ms="93549" started-at="2019-08-12T11:49:05Z" finished-at="2019-08-12T11:50:39Z">
    <groups>
    </groups>
    <test name="VerifyTitle" duration-ms="9661" started-at="2019-08-12T11:49:05Z" finished-at="2019-08-12T11:49:15Z">
      <class name="com.calendar.test.VerifyTitle">
        <test-method status="PASS" signature="verifyAdd(java.lang.reflect.Method)[pri:1, instance:com.calendar.test.VerifyTitle@5c5a1b69]" name="verifyAdd" duration-ms="9641" started-at="2019-08-12T11:49:05Z" finished-at="2019-08-12T11:49:15Z">
          <params>
            <param index="0">
              <value>
                <![CDATA[public void com.calendar.test.VerifyTitle.verifyAdd(java.lang.reflect.Method) throws java.lang.InterruptedException,java.io.IOException]]>
              </value>
            </param>
          </params>
          <reporter-output>
          </reporter-output>
        </test-method> <!-- verifyAdd -->
      </class> <!-- com.calendar.test.VerifyTitle -->
    </test> <!-- VerifyTitle -->
    <test name="AddEvent" duration-ms="83645" started-at="2019-08-12T11:49:15Z" finished-at="2019-08-12T11:50:39Z">
      <class name="com.calendar.test.AddEvent">
        <test-method status="PASS" signature="test()[pri:0, instance:com.calendar.test.AddEvent@26aa12dd]" name="test" is-config="true" duration-ms="7159" started-at="2019-08-12T11:48:58Z" finished-at="2019-08-12T11:49:05Z">
          <reporter-output>
          </reporter-output>
        </test-method> <!-- test -->
        <test-method status="PASS" signature="creatNewEvent(java.lang.String, java.lang.String, java.lang.String, java.lang.String, java.lang.reflect.Method)[pri:2, instance:com.calendar.test.AddEvent@26aa12dd]" name="creatNewEvent" duration-ms="42660" started-at="2019-08-12T11:49:16Z" data-provider="Calendar" finished-at="2019-08-12T11:49:58Z">
          <params>
            <param index="0">
              <value>
                <![CDATA[meeting]]>
              </value>
            </param>
            <param index="1">
              <value>
                <![CDATA[shankyshivesh@gmail.com]]>
              </value>
            </param>
            <param index="2">
              <value>
                <![CDATA[bangalore]]>
              </value>
            </param>
            <param index="3">
              <value>
                <![CDATA[test meeting]]>
              </value>
            </param>
            <param index="4">
              <value>
                <![CDATA[public void com.calendar.test.AddEvent.creatNewEvent(java.lang.String,java.lang.String,java.lang.String,java.lang.String,java.lang.reflect.Method) throws java.io.IOException,java.lang.InterruptedException]]>
              </value>
            </param>
          </params>
          <reporter-output>
          </reporter-output>
        </test-method> <!-- creatNewEvent -->
        <test-method status="PASS" signature="creatNewEvent(java.lang.String, java.lang.String, java.lang.String, java.lang.String, java.lang.reflect.Method)[pri:2, instance:com.calendar.test.AddEvent@26aa12dd]" name="creatNewEvent" duration-ms="40602" started-at="2019-08-12T11:49:58Z" data-provider="Calendar" finished-at="2019-08-12T11:50:39Z">
          <params>
            <param index="0">
              <value>
                <![CDATA[2nd meeting]]>
              </value>
            </param>
            <param index="1">
              <value>
                <![CDATA[shiveshsahu89@gmail.com]]>
              </value>
            </param>
            <param index="2">
              <value>
                <![CDATA[pune]]>
              </value>
            </param>
            <param index="3">
              <value>
                <![CDATA[setup disc]]>
              </value>
            </param>
            <param index="4">
              <value>
                <![CDATA[public void com.calendar.test.AddEvent.creatNewEvent(java.lang.String,java.lang.String,java.lang.String,java.lang.String,java.lang.reflect.Method) throws java.io.IOException,java.lang.InterruptedException]]>
              </value>
            </param>
          </params>
          <reporter-output>
          </reporter-output>
        </test-method> <!-- creatNewEvent -->
      </class> <!-- com.calendar.test.AddEvent -->
    </test> <!-- AddEvent -->
  </suite> <!-- AppiumTest -->
</testng-results>
